<?xml version="1.0" encoding="UTF-8"?>
<testng-results skipped="0" failed="0" ignored="0" total="1" passed="1">
  <reporter-output>
  </reporter-output>
  <suite name="Suite" duration-ms="64332" started-at="2019-06-13T16:39:49Z" finished-at="2019-06-13T16:40:54Z">
    <groups>
    </groups>
    <test name="Test" duration-ms="64332" started-at="2019-06-13T16:39:49Z" finished-at="2019-06-13T16:40:54Z">
      <class name="Practise.GitTest.TestNGSample">
        <test-method status="PASS" signature="method1()[pri:0, instance:Practise.GitTest.TestNGSample@55a1c291]" name="method1" duration-ms="64292" started-at="2019-06-13T16:39:49Z" finished-at="2019-06-13T16:40:54Z">
          <reporter-output>
          </reporter-output>
        </test-method> <!-- method1 -->
      </class> <!-- Practise.GitTest.TestNGSample -->
    </test> <!-- Test -->
  </suite> <!-- Suite -->
</testng-results>
