<?xml version="1.0" encoding="UTF-8"?>
<testng-results skipped="0" failed="0" ignored="0" total="1" passed="1">
  <reporter-output>
  </reporter-output>
  <suite name="Default suite" duration-ms="59740" started-at="2019-06-13T15:24:37Z" finished-at="2019-06-13T15:25:37Z">
    <groups>
    </groups>
    <test name="Default test" duration-ms="59740" started-at="2019-06-13T15:24:37Z" finished-at="2019-06-13T15:25:37Z">
      <class name="Practise.GitTest.TestNGSample">
        <test-method status="PASS" signature="method1()[pri:0, instance:Practise.GitTest.TestNGSample@4cc0edeb]" name="method1" duration-ms="59685" started-at="2019-06-13T15:24:37Z" finished-at="2019-06-13T15:25:37Z">
          <reporter-output>
          </reporter-output>
        </test-method> <!-- method1 -->
      </class> <!-- Practise.GitTest.TestNGSample -->
    </test> <!-- Default test -->
  </suite> <!-- Default suite -->
</testng-results>
